!SESSION 2018-12-05 19:42:54.018 -----------------------------------------------
eclipse.buildId=unknown
java.version=1.8.0_181
java.vendor=Oracle Corporation
BootLoader constants: OS=macosx, ARCH=x86_64, WS=cocoa, NL=ja_JP
Framework arguments:  --args -runMode=console -reportFolder=/Users/satoshiisemura/dev/katalon/KatalonAndroidSample/Report -projectPath=/Users/satoshiisemura/dev/katalon/KatalonAndroidSample/KatalonAndroidSample.prj -retry=0 -testSuitePath=Test Suites/Sample Test -remoteWebDriverType=Appium -executionProfile=default -remoteWebDriverUrl=http://localhost:4723/wd/hub -browserType=Remote
Command-line arguments:  -os macosx -ws cocoa -arch x86_64 -data config --args -runMode=console -reportFolder=/Users/satoshiisemura/dev/katalon/KatalonAndroidSample/Report -projectPath=/Users/satoshiisemura/dev/katalon/KatalonAndroidSample/KatalonAndroidSample.prj -consoleLog -retry=0 -testSuitePath=Test Suites/Sample Test -remoteWebDriverType=Appium -executionProfile=default -remoteWebDriverUrl=http://localhost:4723/wd/hub -browserType=Remote

!ENTRY com.kms.katalon 4 0 2018-12-05 19:42:55.059
!MESSAGE [SCR] Component definition XMLs not found in bundle com.kms.katalon. The component header value is OSGI-INF/component.xml

!ENTRY com.kms.katalon 4 0 2018-12-05 19:42:55.071
!MESSAGE [SCR] Component definition XMLs not found in bundle com.kms.katalon. The component header value is OSGI-INF/component.xml

!ENTRY com.kms.katalon 4 0 2018-12-05 19:42:55.499
!MESSAGE [SCR] Component definition XMLs not found in bundle com.kms.katalon. The component header value is OSGI-INF/component.xml

!ENTRY com.kms.katalon 4 0 2018-12-05 19:42:55.522
!MESSAGE [SCR] Component definition XMLs not found in bundle com.kms.katalon. The component header value is OSGI-INF/component.xml

!ENTRY org.eclipse.core.resources 2 10035 2018-12-05 19:42:57.012
!MESSAGE The workspace exited with unsaved changes in the previous session; refreshing workspace to recover changes.
Starting Groovy-Eclipse compiler resolver.  Specified compiler level: unspecified
161 2.4.7.xx-201611170128-e46 = STARTING
Opening project file: /Users/satoshiisemura/dev/katalon/KatalonAndroidSample/KatalonAndroidSample.prj
Parsing custom keywords...
Request sent successfully.
Generating global variables...
Project 'KatalonAndroidSample' opened

--------------------------------------------------------------------------------
Test Suites/Sample Test - Remote - http://localhost:4723/wd/hub - 20181205_19430
2........................................................................0/1(0%)
--------------------------------------------------------------------------------

Request sent successfully.
12-05-2018 07:43:06 午後 - [START]  - Start Test Suite : Test Suites/Sample Test
12-05-2018 07:43:06 午後 - [RUN_DATA] - Logging run data 'hostName' with value 'satoshiisemura - 192.168.10.3'
12-05-2018 07:43:06 午後 - [RUN_DATA] - Logging run data 'os' with value 'Mac OS X 64bit'
12-05-2018 07:43:06 午後 - [RUN_DATA] - Logging run data 'hostAddress' with value '192.168.10.3'
12-05-2018 07:43:06 午後 - [RUN_DATA] - Logging run data 'katalonVersion' with value '4.1.0.2'
12-05-2018 07:43:07 午後 - [START]  - Start listener action : sampleBeforeTestSuite
12-05-2018 07:43:07 午後 - [INFO]   - Starting invoke 'com.kms.katalon.core.annotation.BeforeTestSuite' method: 'SettingRemoteAppiumDriver.sampleBeforeTestSuite(...)'
12-05-2018 07:43:07 午後 - [START]  - Start action : Statement - println("checking whether any stored drivers exists...")
checking whether any stored drivers exists...
12-05-2018 07:43:07 午後 - [END]    - End action : Statement - println("checking whether any stored drivers exists...")
12-05-2018 07:43:07 午後 - [START]  - Start action : Statement - storedDrivers = com.kms.katalon.core.configuration.RunConfiguration.getStoredDrivers()
12-05-2018 07:43:07 午後 - [END]    - End action : Statement - storedDrivers = com.kms.katalon.core.configuration.RunConfiguration.getStoredDrivers()
12-05-2018 07:43:07 午後 - [START]  - Start action : Statement - If (storedDrivers.size() > 0)
12-05-2018 07:43:07 午後 - [END]    - End action : Statement - If (storedDrivers.size() > 0)
12-05-2018 07:43:07 午後 - [START]  - Start action : Statement - println("no drivers found")
no drivers found
12-05-2018 07:43:07 午後 - [END]    - End action : Statement - println("no drivers found")
12-05-2018 07:43:07 午後 - [START]  - Start action : Statement - println("checking whether WebUI driver is specified...")
checking whether WebUI driver is specified...
12-05-2018 07:43:07 午後 - [END]    - End action : Statement - println("checking whether WebUI driver is specified...")
12-05-2018 07:43:07 午後 - [START]  - Start action : Statement - exProps = com.kms.katalon.core.configuration.RunConfiguration.getExecutionProperties()
12-05-2018 07:43:07 午後 - [END]    - End action : Statement - exProps = com.kms.katalon.core.configuration.RunConfiguration.getExecutionProperties()
12-05-2018 07:43:07 午後 - [START]  - Start action : Statement - If (WebUI == null)
12-05-2018 07:43:07 午後 - [END]    - End action : Statement - If (WebUI == null)
12-05-2018 07:43:07 午後 - [START]  - Start action : Statement - println("start Appium Driver...")
start Appium Driver...
12-05-2018 07:43:07 午後 - [END]    - End action : Statement - println("start Appium Driver...")
12-05-2018 07:43:07 午後 - [START]  - Start action : Statement - exProps = WebUI
12-05-2018 07:43:07 午後 - [END]    - End action : Statement - exProps = WebUI
12-05-2018 07:43:07 午後 - [START]  - Start action : Statement - capabilities = new org.openqa.selenium.remote.DesiredCapabilities()
12-05-2018 07:43:07 午後 - [END]    - End action : Statement - capabilities = new org.openqa.selenium.remote.DesiredCapabilities()
12-05-2018 07:43:07 午後 - [START]  - Start action : Statement - println("DesiredCapabilities")
DesiredCapabilities
12-05-2018 07:43:07 午後 - [END]    - End action : Statement - println("DesiredCapabilities")
12-05-2018 07:43:07 午後 - [START]  - Start action : Statement - capMap = com.kms.katalon.core.configuration.RunConfiguration.getDriverPreferencesProperties()["WebUI"]
12-05-2018 07:43:07 午後 - [END]    - End action : Statement - capMap = com.kms.katalon.core.configuration.RunConfiguration.getDriverPreferencesProperties()["WebUI"]
12-05-2018 07:43:07 午後 - [START]  - Start action : Statement - capMap.each({ java.lang.Object key, java.lang.Object val -> ... })
platformName: Android
autoGrantPermissions: true
fullReset: false
noReset: true
platform: ANDROID
newCommandTimeout: 1800.0
deviceName: LENOVO Lenovo YT3-X50F (Android 5.1.1)
udid: 81d7d62f
12-05-2018 07:43:07 午後 - [END]    - End action : Statement - capMap.each({ java.lang.Object key, java.lang.Object val -> ... })
12-05-2018 07:43:07 午後 - [START]  - Start action : Statement - appPath = com.kms.katalon.core.util.internal.PathUtil.relativeToAbsolutePath(G_AndroidApp, com.kms.katalon.core.configuration.RunConfiguration.getProjectDir())
12-05-2018 07:43:07 午後 - [END]    - End action : Statement - appPath = com.kms.katalon.core.util.internal.PathUtil.relativeToAbsolutePath(G_AndroidApp, com.kms.katalon.core.configuration.RunConfiguration.getProjectDir())
12-05-2018 07:43:07 午後 - [START]  - Start action : Statement - println("app path is: " + appPath)
app path is: /Users/satoshiisemura/dev/katalon/KatalonAndroidSample/androidapp/Sample.apk
12-05-2018 07:43:07 午後 - [END]    - End action : Statement - println("app path is: " + appPath)
12-05-2018 07:43:07 午後 - [START]  - Start action : Statement - capabilities.setCapability("app", appPath)
12-05-2018 07:43:07 午後 - [END]    - End action : Statement - capabilities.setCapability("app", appPath)
12-05-2018 07:43:07 午後 - [START]  - Start action : Statement - appiumUrl = remoteWebDriverUrl
12-05-2018 07:43:07 午後 - [END]    - End action : Statement - appiumUrl = remoteWebDriverUrl
12-05-2018 07:43:07 午後 - [START]  - Start action : Statement - com.kms.katalon.core.appium.driver.AppiumDriverManager.createMobileDriver(ANDROID_DRIVER, capabilities, new java.net.URL(appiumUrl))

--------------------------------------------------------------------------------
Test Suites/Sample Test - Remote - http://localhost:4723/wd/hub - 20181205_19430
2........................................................................0/1(0%)
--------------------------------------------------------------------------------

12 05, 2018 7:43:18 午後 org.openqa.selenium.remote.ProtocolHandshake createSession
情報: Detected dialect: OSS
12-05-2018 07:43:18 午後 - [RUN_DATA] - Logging run data 'appiumVersion' with value '1.8.1'
12-05-2018 07:43:18 午後 - [RUN_DATA] - Logging run data 'deviceId' with value 'null'
12-05-2018 07:43:18 午後 - [RUN_DATA] - Logging run data 'deviceName' with value 'null'
12-05-2018 07:43:18 午後 - [RUN_DATA] - Logging run data 'deviceModel' with value 'null'
12-05-2018 07:43:18 午後 - [RUN_DATA] - Logging run data 'deviceManufacturer' with value 'null'
12-05-2018 07:43:18 午後 - [RUN_DATA] - Logging run data 'deviceOS' with value 'null'
12-05-2018 07:43:18 午後 - [RUN_DATA] - Logging run data 'deviceOSVersion' with value 'null'
12-05-2018 07:43:18 午後 - [INFO]   - Invoke 'com.kms.katalon.core.annotation.BeforeTestSuite' method: 'SettingRemoteAppiumDriver.sampleBeforeTestSuite(...)' completed.
12-05-2018 07:43:18 午後 - [END]    - End action : Statement - com.kms.katalon.core.appium.driver.AppiumDriverManager.createMobileDriver(ANDROID_DRIVER, capabilities, new java.net.URL(appiumUrl))
12-05-2018 07:43:18 午後 - [END]    - End listener action : sampleBeforeTestSuite
12-05-2018 07:43:18 午後 - [START]  - Start Test Case : Test Cases/Sample
12-05-2018 07:43:18 午後 - [INFO]   - Evaluating variables for test case
12-05-2018 07:43:18 午後 - [START]  - Start action : Statement - appPath = com.kms.katalon.core.util.internal.PathUtil.relativeToAbsolutePath(G_AndroidApp, com.kms.katalon.core.configuration.RunConfiguration.getProjectDir())
12-05-2018 07:43:18 午後 - [END]    - End action : Statement - appPath = com.kms.katalon.core.util.internal.PathUtil.relativeToAbsolutePath(G_AndroidApp, com.kms.katalon.core.configuration.RunConfiguration.getProjectDir())
12-05-2018 07:43:18 午後 - [START]  - Start action : startApplication
12-05-2018 07:43:19 午後 - [INFO]   - Starting app at: '/Users/satoshiisemura/dev/katalon/KatalonAndroidSample/androidapp/Sample.apk'
12-05-2018 07:43:19 午後 - [FAILED] - Unable to start app at: '/Users/satoshiisemura/dev/katalon/KatalonAndroidSample/androidapp/Sample.apk' (Root cause: java.lang.IllegalArgumentException: The mobile device is missing. Please select the mobile device to be executed and try again.)
12-05-2018 07:43:19 午後 - [END]    - End action : startApplication
12-05-2018 07:43:19 午後 - [FAILED] - Test Cases/Sample FAILED because (of) (Stack trace: com.kms.katalon.core.exception.StepFailedException: Unable to start app at: '/Users/satoshiisemura/dev/katalon/KatalonAndroidSample/androidapp/Sample.apk' (Root cause: java.lang.IllegalArgumentException: The mobile device is missing. Please select the mobile device to be executed and try again.)
        at com.kms.katalon.core.keyword.internal.KeywordMain.stepFailed(KeywordMain.groovy:36)
        at com.kms.katalon.core.mobile.keyword.internal.MobileKeywordMain.stepFailed(MobileKeywordMain.groovy:40)
        at com.kms.katalon.core.mobile.keyword.internal.MobileKeywordMain.runKeyword(MobileKeywordMain.groovy:23)
        at com.kms.katalon.core.mobile.keyword.builtin.StartApplicationKeyword.startApplication(StartApplicationKeyword.groovy:51)
        at com.kms.katalon.core.mobile.keyword.builtin.StartApplicationKeyword.execute(StartApplicationKeyword.groovy:40)
        at com.kms.katalon.core.keyword.internal.KeywordExecutor.executeKeywordForPlatform(KeywordExecutor.groovy:53)
        at com.kms.katalon.core.mobile.keyword.MobileBuiltInKeywords.startApplication(MobileBuiltInKeywords.groovy:74)
        at com.kms.katalon.core.mobile.keyword.MobileBuiltInKeywords$startApplication.call(Unknown Source)
        at org.codehaus.groovy.runtime.callsite.CallSiteArray.defaultCall(CallSiteArray.java:48)
        at org.codehaus.groovy.runtime.callsite.AbstractCallSite.call(AbstractCallSite.java:113)
        at org.codehaus.groovy.runtime.callsite.AbstractCallSite.call(AbstractCallSite.java:133)
        at Script1538637878312.run(Script1538637878312.groovy:20)
        at com.kms.katalon.core.main.ScriptEngine.run(ScriptEngine.java:183)
        at com.kms.katalon.core.main.ScriptEngine.runScriptAsRawText(ScriptEngine.java:108)
        at com.kms.katalon.core.main.TestCaseExecutor.runScript(TestCaseExecutor.java:294)
        at com.kms.katalon.core.main.TestCaseExecutor.doExecute(TestCaseExecutor.java:285)
        at com.kms.katalon.core.main.TestCaseExecutor.processExecutionPhase(TestCaseExecutor.java:264)
        at com.kms.katalon.core.main.TestCaseExecutor.accessMainPhase(TestCaseExecutor.java:256)
        at com.kms.katalon.core.main.TestCaseExecutor.execute(TestCaseExecutor.java:200)
        at com.kms.katalon.core.main.TestSuiteExecutor.accessTestCaseMainPhase(TestSuiteExecutor.java:129)
        at com.kms.katalon.core.main.TestSuiteExecutor.accessTestSuiteMainPhase(TestSuiteExecutor.java:112)
        at com.kms.katalon.core.main.TestSuiteExecutor.execute(TestSuiteExecutor.java:81)
        at com.kms.katalon.core.main.TestCaseMain.startTestSuite(TestCaseMain.java:142)
        at com.kms.katalon.core.main.TestCaseMain$startTestSuite$0.call(Unknown Source)
        at org.codehaus.groovy.runtime.callsite.CallSiteArray.defaultCall(CallSiteArray.java:48)
        at org.codehaus.groovy.runtime.callsite.AbstractCallSite.call(AbstractCallSite.java:113)
        at org.codehaus.groovy.runtime.callsite.AbstractCallSite.call(AbstractCallSite.java:141)
        at TempTestSuite1544006582239.run(TempTestSuite1544006582239.groovy:36)
        at groovy.lang.GroovyShell.runScriptOrMainOrTestOrRunnable(GroovyShell.java:263)
        at groovy.lang.GroovyShell.run(GroovyShell.java:518)
        at groovy.lang.GroovyShell.run(GroovyShell.java:507)
        at groovy.ui.GroovyMain.processOnce(GroovyMain.java:653)
        at groovy.ui.GroovyMain.run(GroovyMain.java:384)
        at groovy.ui.GroovyMain.process(GroovyMain.java:370)
        at groovy.ui.GroovyMain.processArgs(GroovyMain.java:129)
        at groovy.ui.GroovyMain.main(GroovyMain.java:109)
        at sun.reflect.NativeMethodAccessorImpl.invoke0(Native Method)
        at sun.reflect.NativeMethodAccessorImpl.invoke(NativeMethodAccessorImpl.java:62)
        at sun.reflect.DelegatingMethodAccessorImpl.invoke(DelegatingMethodAccessorImpl.java:43)
        at java.lang.reflect.Method.invoke(Method.java:498)
        at org.codehaus.groovy.tools.GroovyStarter.rootLoader(GroovyStarter.java:109)
        at org.codehaus.groovy.tools.GroovyStarter.main(GroovyStarter.java:131)
)
12-05-2018 07:43:19 午後 - [END]    - End Test Case : Test Cases/Sample
12-05-2018 07:43:22 午後 - [END]    - End Test Suite : Test Suites/Sample Test
Copying report to folder /Users/satoshiisemura/dev/katalon/KatalonAndroidSample/Report...

--------------------------------------------------------------------------------
Test Suites/Sample Test - Remote - http://localhost:4723/wd/hub - 20181205_19430
2......................................................................1/1(100%)
--------------------------------------------------------------------------------


